This file contains any messages produced by compilers while
running configure, to aid debugging if configure makes a mistake.

It was created by mactelnet configure 0.6.1, which was
generated by GNU Autoconf 2.72.  Invocation command line was

  $ ./configure

## --------- ##
## Platform. ##
## --------- ##

hostname = litebox-mega
uname -m = x86_64
uname -r = 6.12.74+deb13+1-amd64
uname -s = Linux
uname -v = #1 SMP PREEMPT_DYNAMIC Debian 6.12.74-2 (2026-03-08)

/usr/bin/uname -p = unknown
/bin/uname -X     = unknown

/bin/arch              = x86_64
/usr/bin/arch -k       = unknown
/usr/convex/getsysinfo = unknown
/usr/bin/hostinfo      = unknown
/bin/machine           = unknown
/usr/bin/oslevel       = unknown
/bin/universe          = unknown

PATH: /root/.cargo/bin/
PATH: /usr/local/sbin/
PATH: /usr/local/bin/
PATH: /usr/sbin/
PATH: /usr/bin/
PATH: /sbin/
PATH: /bin/


## ----------- ##
## Core tests. ##
## ----------- ##

configure:2534: looking for aux files: config.guess config.sub config.rpath compile missing install-sh
configure:2547:  trying ./
configure:2576:   ./config.guess found
configure:2576:   ./config.sub found
configure:2576:   ./config.rpath found
configure:2576:   ./compile found
configure:2576:   ./missing found
configure:2558:   ./install-sh found
configure:2706: checking for a BSD-compatible install
configure:2780: result: /usr/bin/install -c
configure:2791: checking whether sleep supports fractional seconds
configure:2807: result: yes
configure:2810: checking filesystem timestamp resolution
configure:2945: result: 0.01
configure:2950: checking whether build environment is sane
configure:2991: result: yes
configure:3162: checking for a race-free mkdir -p
configure:3205: result: /usr/bin/mkdir -p
configure:3212: checking for gawk
configure:3248: result: no
configure:3212: checking for mawk
configure:3233: found /usr/bin/mawk
configure:3245: result: mawk
configure:3256: checking whether make sets $(MAKE)
configure:3280: result: yes
configure:3306: checking whether make supports nested variables
configure:3325: result: yes
configure:3339: checking xargs -n works
configure:3355: result: yes
configure:3470: checking whether make supports the include directive
configure:3485: make -f confmf.GNU && cat confinc.out
this is the am__doit target
configure:3488: $? = 0
configure:3507: result: yes (GNU style)
configure:3584: checking for gcc
configure:3605: found /usr/bin/gcc
configure:3617: result: gcc
configure:3976: checking for C compiler version
configure:3985: gcc --version >&5
gcc (Debian 14.2.0-19) 14.2.0
Copyright (C) 2024 Free Software Foundation, Inc.
This is free software; see the source for copying conditions.  There is NO
warranty; not even for MERCHANTABILITY or FITNESS FOR A PARTICULAR PURPOSE.

configure:3996: $? = 0
configure:3985: gcc -v >&5
Using built-in specs.
COLLECT_GCC=gcc
COLLECT_LTO_WRAPPER=/usr/libexec/gcc/x86_64-linux-gnu/14/lto-wrapper
OFFLOAD_TARGET_NAMES=nvptx-none:amdgcn-amdhsa
OFFLOAD_TARGET_DEFAULT=1
Target: x86_64-linux-gnu
Configured with: ../src/configure -v --with-pkgversion='Debian 14.2.0-19' --with-bugurl=file:///usr/share/doc/gcc-14/README.Bugs --enable-languages=c,ada,c++,go,d,fortran,objc,obj-c++,m2,rust --prefix=/usr --with-gcc-major-version-only --program-suffix=-14 --program-prefix=x86_64-linux-gnu- --enable-shared --enable-linker-build-id --libexecdir=/usr/libexec --without-included-gettext --enable-threads=posix --libdir=/usr/lib --enable-nls --enable-bootstrap --enable-clocale=gnu --enable-libstdcxx-debug --enable-libstdcxx-time=yes --with-default-libstdcxx-abi=new --enable-libstdcxx-backtrace --enable-gnu-unique-object --disable-vtable-verify --enable-plugin --enable-default-pie --with-system-zlib --enable-libphobos-checking=release --with-target-system-zlib=auto --enable-objc-gc=auto --enable-multiarch --disable-werror --enable-cet --with-arch-32=i686 --with-abi=m64 --with-multilib-list=m32,m64,mx32 --enable-multilib --with-tune=generic --enable-offload-targets=nvptx-none=/build/reproducible-path/gcc-14-14.2.0/debian/tmp-nvptx/usr,amdgcn-amdhsa=/build/reproducible-path/gcc-14-14.2.0/debian/tmp-gcn/usr --enable-offload-defaulted --without-cuda-driver --enable-checking=release --build=x86_64-linux-gnu --host=x86_64-linux-gnu --target=x86_64-linux-gnu --with-build-config=bootstrap-lto-lean --enable-link-serialization=3
Thread model: posix
Supported LTO compression algorithms: zlib zstd
gcc version 14.2.0 (Debian 14.2.0-19) 
... rest of stderr output deleted ...
configure:3996: $? = 0
configure:3985: gcc -V >&5
gcc: error: unrecognized command-line option '-V'
gcc: fatal error: no input files
compilation terminated.
configure:3996: $? = 1
configure:3985: gcc -qversion >&5
gcc: error: unrecognized command-line option '-qversion'; did you mean '--version'?
gcc: fatal error: no input files
compilation terminated.
configure:3996: $? = 1
configure:3985: gcc -version >&5
gcc: error: unrecognized command-line option '-version'
gcc: fatal error: no input files
compilation terminated.
configure:3996: $? = 1
configure:4016: checking whether the C compiler works
configure:4038: gcc    conftest.c  >&5
configure:4042: $? = 0
configure:4093: result: yes
configure:4097: checking for C compiler default output file name
configure:4099: result: a.out
configure:4105: checking for suffix of executables
configure:4112: gcc -o conftest    conftest.c  >&5
configure:4116: $? = 0
configure:4140: result: 
configure:4164: checking whether we are cross compiling
configure:4172: gcc -o conftest    conftest.c  >&5
configure:4176: $? = 0
configure:4183: ./conftest
configure:4187: $? = 0
configure:4202: result: no
configure:4208: checking for suffix of object files
configure:4231: gcc -c   conftest.c >&5
configure:4235: $? = 0
configure:4259: result: o
configure:4263: checking whether the compiler supports GNU C
configure:4283: gcc -c   conftest.c >&5
configure:4283: $? = 0
configure:4295: result: yes
configure:4306: checking whether gcc accepts -g
configure:4327: gcc -c -g  conftest.c >&5
configure:4327: $? = 0
configure:4374: result: yes
configure:4394: checking for gcc option to enable C11 features
configure:4409: gcc  -c -g -O2  conftest.c >&5
configure:4409: $? = 0
configure:4428: result: none needed
configure:4552: checking whether gcc understands -c and -o together
configure:4575: gcc -c conftest.c -o conftest2.o
configure:4578: $? = 0
configure:4575: gcc -c conftest.c -o conftest2.o
configure:4578: $? = 0
configure:4591: result: yes
configure:4610: checking dependency style of gcc
configure:4723: result: gcc3
configure:4743: checking for stdio.h
configure:4743: gcc -c -g -O2  conftest.c >&5
configure:4743: $? = 0
configure:4743: result: yes
configure:4743: checking for stdlib.h
configure:4743: gcc -c -g -O2  conftest.c >&5
configure:4743: $? = 0
configure:4743: result: yes
configure:4743: checking for string.h
configure:4743: gcc -c -g -O2  conftest.c >&5
configure:4743: $? = 0
configure:4743: result: yes
configure:4743: checking for inttypes.h
configure:4743: gcc -c -g -O2  conftest.c >&5
configure:4743: $? = 0
configure:4743: result: yes
configure:4743: checking for stdint.h
configure:4743: gcc -c -g -O2  conftest.c >&5
configure:4743: $? = 0
configure:4743: result: yes
configure:4743: checking for strings.h
configure:4743: gcc -c -g -O2  conftest.c >&5
configure:4743: $? = 0
configure:4743: result: yes
configure:4743: checking for sys/stat.h
configure:4743: gcc -c -g -O2  conftest.c >&5
configure:4743: $? = 0
configure:4743: result: yes
configure:4743: checking for sys/types.h
configure:4743: gcc -c -g -O2  conftest.c >&5
configure:4743: $? = 0
configure:4743: result: yes
configure:4743: checking for unistd.h
configure:4743: gcc -c -g -O2  conftest.c >&5
configure:4743: $? = 0
configure:4743: result: yes
configure:4743: checking for wchar.h
configure:4743: gcc -c -g -O2  conftest.c >&5
configure:4743: $? = 0
configure:4743: result: yes
configure:4743: checking for minix/config.h
configure:4743: gcc -c -g -O2  conftest.c >&5
conftest.c:49:10: fatal error: minix/config.h: No such file or directory
   49 | #include <minix/config.h>
      |          ^~~~~~~~~~~~~~~~
compilation terminated.
configure:4743: $? = 1
configure: failed program was:
| /* confdefs.h */
| #define PACKAGE_NAME "mactelnet"
| #define PACKAGE_TARNAME "mactelnet"
| #define PACKAGE_VERSION "0.6.1"
| #define PACKAGE_STRING "mactelnet 0.6.1"
| #define PACKAGE_BUGREPORT "haakon.nessjoen@gmail.com"
| #define PACKAGE_URL ""
| #define PACKAGE "mactelnet"
| #define VERSION "0.6.1"
| #define HAVE_STDIO_H 1
| #define HAVE_STDLIB_H 1
| #define HAVE_STRING_H 1
| #define HAVE_INTTYPES_H 1
| #define HAVE_STDINT_H 1
| #define HAVE_STRINGS_H 1
| #define HAVE_SYS_STAT_H 1
| #define HAVE_SYS_TYPES_H 1
| #define HAVE_UNISTD_H 1
| #define HAVE_WCHAR_H 1
| /* end confdefs.h.  */
| #include <stddef.h>
| #ifdef HAVE_STDIO_H
| # include <stdio.h>
| #endif
| #ifdef HAVE_STDLIB_H
| # include <stdlib.h>
| #endif
| #ifdef HAVE_STRING_H
| # include <string.h>
| #endif
| #ifdef HAVE_INTTYPES_H
| # include <inttypes.h>
| #endif
| #ifdef HAVE_STDINT_H
| # include <stdint.h>
| #endif
| #ifdef HAVE_STRINGS_H
| # include <strings.h>
| #endif
| #ifdef HAVE_SYS_TYPES_H
| # include <sys/types.h>
| #endif
| #ifdef HAVE_SYS_STAT_H
| # include <sys/stat.h>
| #endif
| #ifdef HAVE_UNISTD_H
| # include <unistd.h>
| #endif
| #include <minix/config.h>
configure:4743: result: no
configure:4743: checking for vfork.h
configure:4743: gcc -c -g -O2  conftest.c >&5
conftest.c:49:10: fatal error: vfork.h: No such file or directory
   49 | #include <vfork.h>
      |          ^~~~~~~~~
compilation terminated.
configure:4743: $? = 1
configure: failed program was:
| /* confdefs.h */
| #define PACKAGE_NAME "mactelnet"
| #define PACKAGE_TARNAME "mactelnet"
| #define PACKAGE_VERSION "0.6.1"
| #define PACKAGE_STRING "mactelnet 0.6.1"
| #define PACKAGE_BUGREPORT "haakon.nessjoen@gmail.com"
| #define PACKAGE_URL ""
| #define PACKAGE "mactelnet"
| #define VERSION "0.6.1"
| #define HAVE_STDIO_H 1
| #define HAVE_STDLIB_H 1
| #define HAVE_STRING_H 1
| #define HAVE_INTTYPES_H 1
| #define HAVE_STDINT_H 1
| #define HAVE_STRINGS_H 1
| #define HAVE_SYS_STAT_H 1
| #define HAVE_SYS_TYPES_H 1
| #define HAVE_UNISTD_H 1
| #define HAVE_WCHAR_H 1
| /* end confdefs.h.  */
| #include <stddef.h>
| #ifdef HAVE_STDIO_H
| # include <stdio.h>
| #endif
| #ifdef HAVE_STDLIB_H
| # include <stdlib.h>
| #endif
| #ifdef HAVE_STRING_H
| # include <string.h>
| #endif
| #ifdef HAVE_INTTYPES_H
| # include <inttypes.h>
| #endif
| #ifdef HAVE_STDINT_H
| # include <stdint.h>
| #endif
| #ifdef HAVE_STRINGS_H
| # include <strings.h>
| #endif
| #ifdef HAVE_SYS_TYPES_H
| # include <sys/types.h>
| #endif
| #ifdef HAVE_SYS_STAT_H
| # include <sys/stat.h>
| #endif
| #ifdef HAVE_UNISTD_H
| # include <unistd.h>
| #endif
| #include <vfork.h>
configure:4743: result: no
configure:4774: checking whether it is safe to define __EXTENSIONS__
configure:4793: gcc -c -g -O2  conftest.c >&5
configure:4793: $? = 0
configure:4803: result: yes
configure:4806: checking whether _XOPEN_SOURCE should be defined
configure:4828: gcc -c -g -O2  conftest.c >&5
configure:4828: $? = 0
configure:4857: result: no
configure:4972: checking for gcc
configure:5005: result: gcc
configure:5364: checking for C compiler version
configure:5373: gcc --version >&5
gcc (Debian 14.2.0-19) 14.2.0
Copyright (C) 2024 Free Software Foundation, Inc.
This is free software; see the source for copying conditions.  There is NO
warranty; not even for MERCHANTABILITY or FITNESS FOR A PARTICULAR PURPOSE.

configure:5384: $? = 0
configure:5373: gcc -v >&5
Using built-in specs.
COLLECT_GCC=gcc
COLLECT_LTO_WRAPPER=/usr/libexec/gcc/x86_64-linux-gnu/14/lto-wrapper
OFFLOAD_TARGET_NAMES=nvptx-none:amdgcn-amdhsa
OFFLOAD_TARGET_DEFAULT=1
Target: x86_64-linux-gnu
Configured with: ../src/configure -v --with-pkgversion='Debian 14.2.0-19' --with-bugurl=file:///usr/share/doc/gcc-14/README.Bugs --enable-languages=c,ada,c++,go,d,fortran,objc,obj-c++,m2,rust --prefix=/usr --with-gcc-major-version-only --program-suffix=-14 --program-prefix=x86_64-linux-gnu- --enable-shared --enable-linker-build-id --libexecdir=/usr/libexec --without-included-gettext --enable-threads=posix --libdir=/usr/lib --enable-nls --enable-bootstrap --enable-clocale=gnu --enable-libstdcxx-debug --enable-libstdcxx-time=yes --with-default-libstdcxx-abi=new --enable-libstdcxx-backtrace --enable-gnu-unique-object --disable-vtable-verify --enable-plugin --enable-default-pie --with-system-zlib --enable-libphobos-checking=release --with-target-system-zlib=auto --enable-objc-gc=auto --enable-multiarch --disable-werror --enable-cet --with-arch-32=i686 --with-abi=m64 --with-multilib-list=m32,m64,mx32 --enable-multilib --with-tune=generic --enable-offload-targets=nvptx-none=/build/reproducible-path/gcc-14-14.2.0/debian/tmp-nvptx/usr,amdgcn-amdhsa=/build/reproducible-path/gcc-14-14.2.0/debian/tmp-gcn/usr --enable-offload-defaulted --without-cuda-driver --enable-checking=release --build=x86_64-linux-gnu --host=x86_64-linux-gnu --target=x86_64-linux-gnu --with-build-config=bootstrap-lto-lean --enable-link-serialization=3
Thread model: posix
Supported LTO compression algorithms: zlib zstd
gcc version 14.2.0 (Debian 14.2.0-19) 
... rest of stderr output deleted ...
configure:5384: $? = 0
configure:5373: gcc -V >&5
gcc: error: unrecognized command-line option '-V'
gcc: fatal error: no input files
compilation terminated.
configure:5384: $? = 1
configure:5373: gcc -qversion >&5
gcc: error: unrecognized command-line option '-qversion'; did you mean '--version'?
gcc: fatal error: no input files
compilation terminated.
configure:5384: $? = 1
configure:5373: gcc -version >&5
gcc: error: unrecognized command-line option '-version'
gcc: fatal error: no input files
compilation terminated.
configure:5384: $? = 1
configure:5388: checking whether the compiler supports GNU C
configure:5420: result: yes
configure:5431: checking whether gcc accepts -g
configure:5499: result: yes
configure:5519: checking for gcc option to enable C11 features
configure:5553: result: none needed
configure:5677: checking whether gcc understands -c and -o together
configure:5716: result: yes
configure:5735: checking dependency style of gcc
configure:5848: result: gcc3
configure:5867: checking for a sed that does not truncate output
configure:5939: result: /usr/bin/sed
configure:5945: checking whether NLS is requested
configure:5956: result: yes
configure:5996: checking for msgfmt
configure: trying /usr/bin/msgfmt...
0 translated messages.
configure:6030: result: /usr/bin/msgfmt
configure:6039: checking for gmsgfmt
configure:6076: result: /usr/bin/msgfmt
configure:6126: checking for xgettext
configure: trying /usr/bin/xgettext...
/usr/bin/xgettext: warning: file '/dev/null' extension '' is unknown; will try C
configure:6160: result: /usr/bin/xgettext
configure:6205: checking for msgmerge
configure: trying /usr/bin/msgmerge...
configure:6238: result: /usr/bin/msgmerge
configure:6277: checking build system type
configure:6293: result: x86_64-pc-linux-gnu
configure:6313: checking host system type
configure:6328: result: x86_64-pc-linux-gnu
configure:6375: checking for ld used by gcc
configure:6444: result: /usr/bin/ld
configure:6451: checking if the linker (/usr/bin/ld) is GNU ld
configure:6468: result: yes
configure:6476: checking for shared library run path origin
configure:6491: result: done
configure:6517: checking how to run the C preprocessor
configure:6543: gcc -E  conftest.c
configure:6543: $? = 0
configure:6559: gcc -E  conftest.c
conftest.c:39:10: fatal error: ac_nonexistent.h: No such file or directory
   39 | #include <ac_nonexistent.h>
      |          ^~~~~~~~~~~~~~~~~~
compilation terminated.
configure:6559: $? = 1
configure: failed program was:
| /* confdefs.h */
| #define PACKAGE_NAME "mactelnet"
| #define PACKAGE_TARNAME "mactelnet"
| #define PACKAGE_VERSION "0.6.1"
| #define PACKAGE_STRING "mactelnet 0.6.1"
| #define PACKAGE_BUGREPORT "haakon.nessjoen@gmail.com"
| #define PACKAGE_URL ""
| #define PACKAGE "mactelnet"
| #define VERSION "0.6.1"
| #define HAVE_STDIO_H 1
| #define HAVE_STDLIB_H 1
| #define HAVE_STRING_H 1
| #define HAVE_INTTYPES_H 1
| #define HAVE_STDINT_H 1
| #define HAVE_STRINGS_H 1
| #define HAVE_SYS_STAT_H 1
| #define HAVE_SYS_TYPES_H 1
| #define HAVE_UNISTD_H 1
| #define HAVE_WCHAR_H 1
| #define STDC_HEADERS 1
| #define _ALL_SOURCE 1
| #define _DARWIN_C_SOURCE 1
| #define _GNU_SOURCE 1
| #define _HPUX_ALT_XOPEN_SOCKET_API 1
| #define _NETBSD_SOURCE 1
| #define _OPENBSD_SOURCE 1
| #define _POSIX_PTHREAD_SEMANTICS 1
| #define __STDC_WANT_IEC_60559_ATTRIBS_EXT__ 1
| #define __STDC_WANT_IEC_60559_BFP_EXT__ 1
| #define __STDC_WANT_IEC_60559_DFP_EXT__ 1
| #define __STDC_WANT_IEC_60559_EXT__ 1
| #define __STDC_WANT_IEC_60559_FUNCS_EXT__ 1
| #define __STDC_WANT_IEC_60559_TYPES_EXT__ 1
| #define __STDC_WANT_LIB_EXT2__ 1
| #define __STDC_WANT_MATH_SPEC_FUNCS__ 1
| #define _TANDEM_SOURCE 1
| #define __EXTENSIONS__ 1
| /* end confdefs.h.  */
| #include <ac_nonexistent.h>
configure:6588: result: gcc -E
configure:6602: gcc -E  conftest.c
configure:6602: $? = 0
configure:6618: gcc -E  conftest.c
conftest.c:39:10: fatal error: ac_nonexistent.h: No such file or directory
   39 | #include <ac_nonexistent.h>
      |          ^~~~~~~~~~~~~~~~~~
compilation terminated.
configure:6618: $? = 1
configure: failed program was:
| /* confdefs.h */
| #define PACKAGE_NAME "mactelnet"
| #define PACKAGE_TARNAME "mactelnet"
| #define PACKAGE_VERSION "0.6.1"
| #define PACKAGE_STRING "mactelnet 0.6.1"
| #define PACKAGE_BUGREPORT "haakon.nessjoen@gmail.com"
| #define PACKAGE_URL ""
| #define PACKAGE "mactelnet"
| #define VERSION "0.6.1"
| #define HAVE_STDIO_H 1
| #define HAVE_STDLIB_H 1
| #define HAVE_STRING_H 1
| #define HAVE_INTTYPES_H 1
| #define HAVE_STDINT_H 1
| #define HAVE_STRINGS_H 1
| #define HAVE_SYS_STAT_H 1
| #define HAVE_SYS_TYPES_H 1
| #define HAVE_UNISTD_H 1
| #define HAVE_WCHAR_H 1
| #define STDC_HEADERS 1
| #define _ALL_SOURCE 1
| #define _DARWIN_C_SOURCE 1
| #define _GNU_SOURCE 1
| #define _HPUX_ALT_XOPEN_SOCKET_API 1
| #define _NETBSD_SOURCE 1
| #define _OPENBSD_SOURCE 1
| #define _POSIX_PTHREAD_SEMANTICS 1
| #define __STDC_WANT_IEC_60559_ATTRIBS_EXT__ 1
| #define __STDC_WANT_IEC_60559_BFP_EXT__ 1
| #define __STDC_WANT_IEC_60559_DFP_EXT__ 1
| #define __STDC_WANT_IEC_60559_EXT__ 1
| #define __STDC_WANT_IEC_60559_FUNCS_EXT__ 1
| #define __STDC_WANT_IEC_60559_TYPES_EXT__ 1
| #define __STDC_WANT_LIB_EXT2__ 1
| #define __STDC_WANT_MATH_SPEC_FUNCS__ 1
| #define _TANDEM_SOURCE 1
| #define __EXTENSIONS__ 1
| /* end confdefs.h.  */
| #include <ac_nonexistent.h>
configure:6651: checking for egrep -e
configure:6781: result: /usr/bin/grep -E
configure:7343: checking for CFPreferencesCopyAppValue
configure:7362: gcc -o conftest -g -O2   conftest.c  -Wl,-framework -Wl,CoreFoundation >&5
conftest.c:39:10: fatal error: CoreFoundation/CFPreferences.h: No such file or directory
   39 | #include <CoreFoundation/CFPreferences.h>
      |          ^~~~~~~~~~~~~~~~~~~~~~~~~~~~~~~~
compilation terminated.
configure:7362: $? = 1
configure: failed program was:
| /* confdefs.h */
| #define PACKAGE_NAME "mactelnet"
| #define PACKAGE_TARNAME "mactelnet"
| #define PACKAGE_VERSION "0.6.1"
| #define PACKAGE_STRING "mactelnet 0.6.1"
| #define PACKAGE_BUGREPORT "haakon.nessjoen@gmail.com"
| #define PACKAGE_URL ""
| #define PACKAGE "mactelnet"
| #define VERSION "0.6.1"
| #define HAVE_STDIO_H 1
| #define HAVE_STDLIB_H 1
| #define HAVE_STRING_H 1
| #define HAVE_INTTYPES_H 1
| #define HAVE_STDINT_H 1
| #define HAVE_STRINGS_H 1
| #define HAVE_SYS_STAT_H 1
| #define HAVE_SYS_TYPES_H 1
| #define HAVE_UNISTD_H 1
| #define HAVE_WCHAR_H 1
| #define STDC_HEADERS 1
| #define _ALL_SOURCE 1
| #define _DARWIN_C_SOURCE 1
| #define _GNU_SOURCE 1
| #define _HPUX_ALT_XOPEN_SOCKET_API 1
| #define _NETBSD_SOURCE 1
| #define _OPENBSD_SOURCE 1
| #define _POSIX_PTHREAD_SEMANTICS 1
| #define __STDC_WANT_IEC_60559_ATTRIBS_EXT__ 1
| #define __STDC_WANT_IEC_60559_BFP_EXT__ 1
| #define __STDC_WANT_IEC_60559_DFP_EXT__ 1
| #define __STDC_WANT_IEC_60559_EXT__ 1
| #define __STDC_WANT_IEC_60559_FUNCS_EXT__ 1
| #define __STDC_WANT_IEC_60559_TYPES_EXT__ 1
| #define __STDC_WANT_LIB_EXT2__ 1
| #define __STDC_WANT_MATH_SPEC_FUNCS__ 1
| #define _TANDEM_SOURCE 1
| #define __EXTENSIONS__ 1
| /* end confdefs.h.  */
| #include <CoreFoundation/CFPreferences.h>
| int
| main (void)
| {
| CFPreferencesCopyAppValue(NULL, NULL)
|   ;
|   return 0;
| }
configure:7374: result: no
configure:7381: checking for CFLocaleCopyCurrent
configure:7400: gcc -o conftest -g -O2   conftest.c  -Wl,-framework -Wl,CoreFoundation >&5
conftest.c:39:10: fatal error: CoreFoundation/CFLocale.h: No such file or directory
   39 | #include <CoreFoundation/CFLocale.h>
      |          ^~~~~~~~~~~~~~~~~~~~~~~~~~~
compilation terminated.
configure:7400: $? = 1
configure: failed program was:
| /* confdefs.h */
| #define PACKAGE_NAME "mactelnet"
| #define PACKAGE_TARNAME "mactelnet"
| #define PACKAGE_VERSION "0.6.1"
| #define PACKAGE_STRING "mactelnet 0.6.1"
| #define PACKAGE_BUGREPORT "haakon.nessjoen@gmail.com"
| #define PACKAGE_URL ""
| #define PACKAGE "mactelnet"
| #define VERSION "0.6.1"
| #define HAVE_STDIO_H 1
| #define HAVE_STDLIB_H 1
| #define HAVE_STRING_H 1
| #define HAVE_INTTYPES_H 1
| #define HAVE_STDINT_H 1
| #define HAVE_STRINGS_H 1
| #define HAVE_SYS_STAT_H 1
| #define HAVE_SYS_TYPES_H 1
| #define HAVE_UNISTD_H 1
| #define HAVE_WCHAR_H 1
| #define STDC_HEADERS 1
| #define _ALL_SOURCE 1
| #define _DARWIN_C_SOURCE 1
| #define _GNU_SOURCE 1
| #define _HPUX_ALT_XOPEN_SOCKET_API 1
| #define _NETBSD_SOURCE 1
| #define _OPENBSD_SOURCE 1
| #define _POSIX_PTHREAD_SEMANTICS 1
| #define __STDC_WANT_IEC_60559_ATTRIBS_EXT__ 1
| #define __STDC_WANT_IEC_60559_BFP_EXT__ 1
| #define __STDC_WANT_IEC_60559_DFP_EXT__ 1
| #define __STDC_WANT_IEC_60559_EXT__ 1
| #define __STDC_WANT_IEC_60559_FUNCS_EXT__ 1
| #define __STDC_WANT_IEC_60559_TYPES_EXT__ 1
| #define __STDC_WANT_LIB_EXT2__ 1
| #define __STDC_WANT_MATH_SPEC_FUNCS__ 1
| #define _TANDEM_SOURCE 1
| #define __EXTENSIONS__ 1
| /* end confdefs.h.  */
| #include <CoreFoundation/CFLocale.h>
| int
| main (void)
| {
| CFLocaleCopyCurrent();
|   ;
|   return 0;
| }
configure:7412: result: no
configure:7461: checking for GNU gettext in libc
configure:7486: gcc -o conftest -g -O2   conftest.c  >&5
configure:7486: $? = 0
configure:7498: result: yes
configure:8342: checking whether to use NLS
configure:8344: result: yes
configure:8347: checking where the gettext function comes from
configure:8358: result: libc
configure:8421: checking for CoreFoundation/CoreFoundation.h
configure:8421: gcc -c -g -O2  conftest.c >&5
conftest.c:70:10: fatal error: CoreFoundation/CoreFoundation.h: No such file or directory
   70 | #include <CoreFoundation/CoreFoundation.h>
      |          ^~~~~~~~~~~~~~~~~~~~~~~~~~~~~~~~~
compilation terminated.
configure:8421: $? = 1
configure: failed program was:
| /* confdefs.h */
| #define PACKAGE_NAME "mactelnet"
| #define PACKAGE_TARNAME "mactelnet"
| #define PACKAGE_VERSION "0.6.1"
| #define PACKAGE_STRING "mactelnet 0.6.1"
| #define PACKAGE_BUGREPORT "haakon.nessjoen@gmail.com"
| #define PACKAGE_URL ""
| #define PACKAGE "mactelnet"
| #define VERSION "0.6.1"
| #define HAVE_STDIO_H 1
| #define HAVE_STDLIB_H 1
| #define HAVE_STRING_H 1
| #define HAVE_INTTYPES_H 1
| #define HAVE_STDINT_H 1
| #define HAVE_STRINGS_H 1
| #define HAVE_SYS_STAT_H 1
| #define HAVE_SYS_TYPES_H 1
| #define HAVE_UNISTD_H 1
| #define HAVE_WCHAR_H 1
| #define STDC_HEADERS 1
| #define _ALL_SOURCE 1
| #define _DARWIN_C_SOURCE 1
| #define _GNU_SOURCE 1
| #define _HPUX_ALT_XOPEN_SOCKET_API 1
| #define _NETBSD_SOURCE 1
| #define _OPENBSD_SOURCE 1
| #define _POSIX_PTHREAD_SEMANTICS 1
| #define __STDC_WANT_IEC_60559_ATTRIBS_EXT__ 1
| #define __STDC_WANT_IEC_60559_BFP_EXT__ 1
| #define __STDC_WANT_IEC_60559_DFP_EXT__ 1
| #define __STDC_WANT_IEC_60559_EXT__ 1
| #define __STDC_WANT_IEC_60559_FUNCS_EXT__ 1
| #define __STDC_WANT_IEC_60559_TYPES_EXT__ 1
| #define __STDC_WANT_LIB_EXT2__ 1
| #define __STDC_WANT_MATH_SPEC_FUNCS__ 1
| #define _TANDEM_SOURCE 1
| #define __EXTENSIONS__ 1
| #define ENABLE_NLS 1
| #define HAVE_GETTEXT 1
| #define HAVE_DCGETTEXT 1
| /* end confdefs.h.  */
| #include <stddef.h>
| #ifdef HAVE_STDIO_H
| # include <stdio.h>
| #endif
| #ifdef HAVE_STDLIB_H
| # include <stdlib.h>
| #endif
| #ifdef HAVE_STRING_H
| # include <string.h>
| #endif
| #ifdef HAVE_INTTYPES_H
| # include <inttypes.h>
| #endif
| #ifdef HAVE_STDINT_H
| # include <stdint.h>
| #endif
| #ifdef HAVE_STRINGS_H
| # include <strings.h>
| #endif
| #ifdef HAVE_SYS_TYPES_H
| # include <sys/types.h>
| #endif
| #ifdef HAVE_SYS_STAT_H
| # include <sys/stat.h>
| #endif
| #ifdef HAVE_UNISTD_H
| # include <unistd.h>
| #endif
| #include <CoreFoundation/CoreFoundation.h>
configure:8421: result: no
configure:8444: checking for SystemConfiguration/SystemConfiguration.h
configure:8444: gcc -c -g -O2  conftest.c >&5
conftest.c:70:10: fatal error: SystemConfiguration/SystemConfiguration.h: No such file or directory
   70 | #include <SystemConfiguration/SystemConfiguration.h>
      |          ^~~~~~~~~~~~~~~~~~~~~~~~~~~~~~~~~~~~~~~~~~~
compilation terminated.
configure:8444: $? = 1
configure: failed program was:
| /* confdefs.h */
| #define PACKAGE_NAME "mactelnet"
| #define PACKAGE_TARNAME "mactelnet"
| #define PACKAGE_VERSION "0.6.1"
| #define PACKAGE_STRING "mactelnet 0.6.1"
| #define PACKAGE_BUGREPORT "haakon.nessjoen@gmail.com"
| #define PACKAGE_URL ""
| #define PACKAGE "mactelnet"
| #define VERSION "0.6.1"
| #define HAVE_STDIO_H 1
| #define HAVE_STDLIB_H 1
| #define HAVE_STRING_H 1
| #define HAVE_INTTYPES_H 1
| #define HAVE_STDINT_H 1
| #define HAVE_STRINGS_H 1
| #define HAVE_SYS_STAT_H 1
| #define HAVE_SYS_TYPES_H 1
| #define HAVE_UNISTD_H 1
| #define HAVE_WCHAR_H 1
| #define STDC_HEADERS 1
| #define _ALL_SOURCE 1
| #define _DARWIN_C_SOURCE 1
| #define _GNU_SOURCE 1
| #define _HPUX_ALT_XOPEN_SOCKET_API 1
| #define _NETBSD_SOURCE 1
| #define _OPENBSD_SOURCE 1
| #define _POSIX_PTHREAD_SEMANTICS 1
| #define __STDC_WANT_IEC_60559_ATTRIBS_EXT__ 1
| #define __STDC_WANT_IEC_60559_BFP_EXT__ 1
| #define __STDC_WANT_IEC_60559_DFP_EXT__ 1
| #define __STDC_WANT_IEC_60559_EXT__ 1
| #define __STDC_WANT_IEC_60559_FUNCS_EXT__ 1
| #define __STDC_WANT_IEC_60559_TYPES_EXT__ 1
| #define __STDC_WANT_LIB_EXT2__ 1
| #define __STDC_WANT_MATH_SPEC_FUNCS__ 1
| #define _TANDEM_SOURCE 1
| #define __EXTENSIONS__ 1
| #define ENABLE_NLS 1
| #define HAVE_GETTEXT 1
| #define HAVE_DCGETTEXT 1
| /* end confdefs.h.  */
| #include <stddef.h>
| #ifdef HAVE_STDIO_H
| # include <stdio.h>
| #endif
| #ifdef HAVE_STDLIB_H
| # include <stdlib.h>
| #endif
| #ifdef HAVE_STRING_H
| # include <string.h>
| #endif
| #ifdef HAVE_INTTYPES_H
| # include <inttypes.h>
| #endif
| #ifdef HAVE_STDINT_H
| # include <stdint.h>
| #endif
| #ifdef HAVE_STRINGS_H
| # include <strings.h>
| #endif
| #ifdef HAVE_SYS_TYPES_H
| # include <sys/types.h>
| #endif
| #ifdef HAVE_SYS_STAT_H
| # include <sys/stat.h>
| #endif
| #ifdef HAVE_UNISTD_H
| # include <unistd.h>
| #endif
| #include <SystemConfiguration/SystemConfiguration.h>
configure:8444: result: no
configure:8467: checking for nanosleep in -lrt
configure:8496: gcc -o conftest -g -O2   conftest.c -lrt   >&5
configure:8496: $? = 0
configure:8508: result: yes
configure:8583: checking for pkg-config
configure:8606: found /usr/bin/pkg-config
configure:8619: result: /usr/bin/pkg-config
configure:8644: checking pkg-config is at least version 0.9.0
configure:8647: result: yes
configure:8657: checking for libcrypto >= 1.1.0
configure:8664: $PKG_CONFIG --exists --print-errors "libcrypto >= 1.1.0"
configure:8667: $? = 0
configure:8681: $PKG_CONFIG --exists --print-errors "libcrypto >= 1.1.0"
configure:8684: $? = 0
configure:8870: result: yes
configure:8916: checking for arpa/inet.h
configure:8916: gcc -c -g -O2  conftest.c >&5
configure:8916: $? = 0
configure:8916: result: yes
configure:8922: checking for fcntl.h
configure:8922: gcc -c -g -O2  conftest.c >&5
configure:8922: $? = 0
configure:8922: result: yes
configure:8928: checking for sys/random.h
configure:8928: gcc -c -g -O2  conftest.c >&5
configure:8928: $? = 0
configure:8928: result: yes
configure:8934: checking for float.h
configure:8934: gcc -c -g -O2  conftest.c >&5
configure:8934: $? = 0
configure:8934: result: yes
configure:8940: checking for libintl.h
configure:8940: gcc -c -g -O2  conftest.c >&5
configure:8940: $? = 0
configure:8940: result: yes
configure:8946: checking for locale.h
configure:8946: gcc -c -g -O2  conftest.c >&5
configure:8946: $? = 0
configure:8946: result: yes
configure:8952: checking for linux/netlink.h
configure:8952: gcc -c -g -O2  conftest.c >&5
configure:8952: $? = 0
configure:8952: result: yes
configure:8958: checking for netinet/in.h
configure:8958: gcc -c -g -O2  conftest.c >&5
configure:8958: $? = 0
configure:8958: result: yes
configure:8964: checking for paths.h
configure:8964: gcc -c -g -O2  conftest.c >&5
configure:8964: $? = 0
configure:8964: result: yes
configure:8970: checking for stdlib.h
configure:8970: result: yes
configure:8976: checking for string.h
configure:8976: result: yes
configure:8982: checking for sys/ioctl.h
configure:8982: gcc -c -g -O2  conftest.c >&5
configure:8982: $? = 0
configure:8982: result: yes
configure:8988: checking for sys/socket.h
configure:8988: gcc -c -g -O2  conftest.c >&5
configure:8988: $? = 0
configure:8988: result: yes
configure:8994: checking for sys/time.h
configure:8994: gcc -c -g -O2  conftest.c >&5
configure:8994: $? = 0
configure:8994: result: yes
configure:9000: checking for syslog.h
configure:9000: gcc -c -g -O2  conftest.c >&5
configure:9000: $? = 0
configure:9000: result: yes
configure:9006: checking for termios.h
configure:9006: gcc -c -g -O2  conftest.c >&5
configure:9006: $? = 0
configure:9006: result: yes
configure:9012: checking for unistd.h
configure:9012: result: yes
configure:9018: checking for utmp.h
configure:9018: gcc -c -g -O2  conftest.c >&5
configure:9018: $? = 0
configure:9018: result: yes
configure:9024: checking for utmpx.h
configure:9024: gcc -c -g -O2  conftest.c >&5
configure:9024: $? = 0
configure:9024: result: yes
configure:9032: checking for readpassphrase.h
configure:9032: gcc -c -g -O2  conftest.c >&5
conftest.c:90:10: fatal error: readpassphrase.h: No such file or directory
   90 | #include <readpassphrase.h>
      |          ^~~~~~~~~~~~~~~~~~
compilation terminated.
configure:9032: $? = 1
configure: failed program was:
| /* confdefs.h */
| #define PACKAGE_NAME "mactelnet"
| #define PACKAGE_TARNAME "mactelnet"
| #define PACKAGE_VERSION "0.6.1"
| #define PACKAGE_STRING "mactelnet 0.6.1"
| #define PACKAGE_BUGREPORT "haakon.nessjoen@gmail.com"
| #define PACKAGE_URL ""
| #define PACKAGE "mactelnet"
| #define VERSION "0.6.1"
| #define HAVE_STDIO_H 1
| #define HAVE_STDLIB_H 1
| #define HAVE_STRING_H 1
| #define HAVE_INTTYPES_H 1
| #define HAVE_STDINT_H 1
| #define HAVE_STRINGS_H 1
| #define HAVE_SYS_STAT_H 1
| #define HAVE_SYS_TYPES_H 1
| #define HAVE_UNISTD_H 1
| #define HAVE_WCHAR_H 1
| #define STDC_HEADERS 1
| #define _ALL_SOURCE 1
| #define _DARWIN_C_SOURCE 1
| #define _GNU_SOURCE 1
| #define _HPUX_ALT_XOPEN_SOCKET_API 1
| #define _NETBSD_SOURCE 1
| #define _OPENBSD_SOURCE 1
| #define _POSIX_PTHREAD_SEMANTICS 1
| #define __STDC_WANT_IEC_60559_ATTRIBS_EXT__ 1
| #define __STDC_WANT_IEC_60559_BFP_EXT__ 1
| #define __STDC_WANT_IEC_60559_DFP_EXT__ 1
| #define __STDC_WANT_IEC_60559_EXT__ 1
| #define __STDC_WANT_IEC_60559_FUNCS_EXT__ 1
| #define __STDC_WANT_IEC_60559_TYPES_EXT__ 1
| #define __STDC_WANT_LIB_EXT2__ 1
| #define __STDC_WANT_MATH_SPEC_FUNCS__ 1
| #define _TANDEM_SOURCE 1
| #define __EXTENSIONS__ 1
| #define ENABLE_NLS 1
| #define HAVE_GETTEXT 1
| #define HAVE_DCGETTEXT 1
| #define HAVE_LIBRT 1
| #define HAVE_ARPA_INET_H 1
| #define HAVE_FCNTL_H 1
| #define HAVE_SYS_RANDOM_H 1
| #define HAVE_FLOAT_H 1
| #define HAVE_LIBINTL_H 1
| #define HAVE_LOCALE_H 1
| #define HAVE_LINUX_NETLINK_H 1
| #define HAVE_NETINET_IN_H 1
| #define HAVE_PATHS_H 1
| #define HAVE_STDLIB_H 1
| #define HAVE_STRING_H 1
| #define HAVE_SYS_IOCTL_H 1
| #define HAVE_SYS_SOCKET_H 1
| #define HAVE_SYS_TIME_H 1
| #define HAVE_SYSLOG_H 1
| #define HAVE_TERMIOS_H 1
| #define HAVE_UNISTD_H 1
| #define HAVE_UTMP_H 1
| #define HAVE_UTMPX_H 1
| /* end confdefs.h.  */
| #include <stddef.h>
| #ifdef HAVE_STDIO_H
| # include <stdio.h>
| #endif
| #ifdef HAVE_STDLIB_H
| # include <stdlib.h>
| #endif
| #ifdef HAVE_STRING_H
| # include <string.h>
| #endif
| #ifdef HAVE_INTTYPES_H
| # include <inttypes.h>
| #endif
| #ifdef HAVE_STDINT_H
| # include <stdint.h>
| #endif
| #ifdef HAVE_STRINGS_H
| # include <strings.h>
| #endif
| #ifdef HAVE_SYS_TYPES_H
| # include <sys/types.h>
| #endif
| #ifdef HAVE_SYS_STAT_H
| # include <sys/stat.h>
| #endif
| #ifdef HAVE_UNISTD_H
| # include <unistd.h>
| #endif
| #include <readpassphrase.h>
configure:9032: result: no
configure:9037: checking for bsd/readpassphrase.h
configure:9037: gcc -c -g -O2  conftest.c >&5
conftest.c:90:10: fatal error: bsd/readpassphrase.h: No such file or directory
   90 | #include <bsd/readpassphrase.h>
      |          ^~~~~~~~~~~~~~~~~~~~~~
compilation terminated.
configure:9037: $? = 1
configure: failed program was:
| /* confdefs.h */
| #define PACKAGE_NAME "mactelnet"
| #define PACKAGE_TARNAME "mactelnet"
| #define PACKAGE_VERSION "0.6.1"
| #define PACKAGE_STRING "mactelnet 0.6.1"
| #define PACKAGE_BUGREPORT "haakon.nessjoen@gmail.com"
| #define PACKAGE_URL ""
| #define PACKAGE "mactelnet"
| #define VERSION "0.6.1"
| #define HAVE_STDIO_H 1
| #define HAVE_STDLIB_H 1
| #define HAVE_STRING_H 1
| #define HAVE_INTTYPES_H 1
| #define HAVE_STDINT_H 1
| #define HAVE_STRINGS_H 1
| #define HAVE_SYS_STAT_H 1
| #define HAVE_SYS_TYPES_H 1
| #define HAVE_UNISTD_H 1
| #define HAVE_WCHAR_H 1
| #define STDC_HEADERS 1
| #define _ALL_SOURCE 1
| #define _DARWIN_C_SOURCE 1
| #define _GNU_SOURCE 1
| #define _HPUX_ALT_XOPEN_SOCKET_API 1
| #define _NETBSD_SOURCE 1
| #define _OPENBSD_SOURCE 1
| #define _POSIX_PTHREAD_SEMANTICS 1
| #define __STDC_WANT_IEC_60559_ATTRIBS_EXT__ 1
| #define __STDC_WANT_IEC_60559_BFP_EXT__ 1
| #define __STDC_WANT_IEC_60559_DFP_EXT__ 1
| #define __STDC_WANT_IEC_60559_EXT__ 1
| #define __STDC_WANT_IEC_60559_FUNCS_EXT__ 1
| #define __STDC_WANT_IEC_60559_TYPES_EXT__ 1
| #define __STDC_WANT_LIB_EXT2__ 1
| #define __STDC_WANT_MATH_SPEC_FUNCS__ 1
| #define _TANDEM_SOURCE 1
| #define __EXTENSIONS__ 1
| #define ENABLE_NLS 1
| #define HAVE_GETTEXT 1
| #define HAVE_DCGETTEXT 1
| #define HAVE_LIBRT 1
| #define HAVE_ARPA_INET_H 1
| #define HAVE_FCNTL_H 1
| #define HAVE_SYS_RANDOM_H 1
| #define HAVE_FLOAT_H 1
| #define HAVE_LIBINTL_H 1
| #define HAVE_LOCALE_H 1
| #define HAVE_LINUX_NETLINK_H 1
| #define HAVE_NETINET_IN_H 1
| #define HAVE_PATHS_H 1
| #define HAVE_STDLIB_H 1
| #define HAVE_STRING_H 1
| #define HAVE_SYS_IOCTL_H 1
| #define HAVE_SYS_SOCKET_H 1
| #define HAVE_SYS_TIME_H 1
| #define HAVE_SYSLOG_H 1
| #define HAVE_TERMIOS_H 1
| #define HAVE_UNISTD_H 1
| #define HAVE_UTMP_H 1
| #define HAVE_UTMPX_H 1
| /* end confdefs.h.  */
| #include <stddef.h>
| #ifdef HAVE_STDIO_H
| # include <stdio.h>
| #endif
| #ifdef HAVE_STDLIB_H
| # include <stdlib.h>
| #endif
| #ifdef HAVE_STRING_H
| # include <string.h>
| #endif
| #ifdef HAVE_INTTYPES_H
| # include <inttypes.h>
| #endif
| #ifdef HAVE_STDINT_H
| # include <stdint.h>
| #endif
| #ifdef HAVE_STRINGS_H
| # include <strings.h>
| #endif
| #ifdef HAVE_SYS_TYPES_H
| # include <sys/types.h>
| #endif
| #ifdef HAVE_SYS_STAT_H
| # include <sys/stat.h>
| #endif
| #ifdef HAVE_UNISTD_H
| # include <unistd.h>
| #endif
| #include <bsd/readpassphrase.h>
configure:9037: result: no
configure:9042: WARNING: falling back to obsoleted getpass(3)
configure:9266: checking for pid_t
configure:9266: gcc -c -g -O2  conftest.c >&5
configure:9266: $? = 0
configure:9266: gcc -c -g -O2  conftest.c >&5
conftest.c: In function 'main':
conftest.c:94:20: error: expected expression before ')' token
   94 | if (sizeof ((pid_t)))
      |                    ^
configure:9266: $? = 1
configure: failed program was:
| /* confdefs.h */
| #define PACKAGE_NAME "mactelnet"
| #define PACKAGE_TARNAME "mactelnet"
| #define PACKAGE_VERSION "0.6.1"
| #define PACKAGE_STRING "mactelnet 0.6.1"
| #define PACKAGE_BUGREPORT "haakon.nessjoen@gmail.com"
| #define PACKAGE_URL ""
| #define PACKAGE "mactelnet"
| #define VERSION "0.6.1"
| #define HAVE_STDIO_H 1
| #define HAVE_STDLIB_H 1
| #define HAVE_STRING_H 1
| #define HAVE_INTTYPES_H 1
| #define HAVE_STDINT_H 1
| #define HAVE_STRINGS_H 1
| #define HAVE_SYS_STAT_H 1
| #define HAVE_SYS_TYPES_H 1
| #define HAVE_UNISTD_H 1
| #define HAVE_WCHAR_H 1
| #define STDC_HEADERS 1
| #define _ALL_SOURCE 1
| #define _DARWIN_C_SOURCE 1
| #define _GNU_SOURCE 1
| #define _HPUX_ALT_XOPEN_SOCKET_API 1
| #define _NETBSD_SOURCE 1
| #define _OPENBSD_SOURCE 1
| #define _POSIX_PTHREAD_SEMANTICS 1
| #define __STDC_WANT_IEC_60559_ATTRIBS_EXT__ 1
| #define __STDC_WANT_IEC_60559_BFP_EXT__ 1
| #define __STDC_WANT_IEC_60559_DFP_EXT__ 1
| #define __STDC_WANT_IEC_60559_EXT__ 1
| #define __STDC_WANT_IEC_60559_FUNCS_EXT__ 1
| #define __STDC_WANT_IEC_60559_TYPES_EXT__ 1
| #define __STDC_WANT_LIB_EXT2__ 1
| #define __STDC_WANT_MATH_SPEC_FUNCS__ 1
| #define _TANDEM_SOURCE 1
| #define __EXTENSIONS__ 1
| #define ENABLE_NLS 1
| #define HAVE_GETTEXT 1
| #define HAVE_DCGETTEXT 1
| #define HAVE_LIBRT 1
| #define HAVE_ARPA_INET_H 1
| #define HAVE_FCNTL_H 1
| #define HAVE_SYS_RANDOM_H 1
| #define HAVE_FLOAT_H 1
| #define HAVE_LIBINTL_H 1
| #define HAVE_LOCALE_H 1
| #define HAVE_LINUX_NETLINK_H 1
| #define HAVE_NETINET_IN_H 1
| #define HAVE_PATHS_H 1
| #define HAVE_STDLIB_H 1
| #define HAVE_STRING_H 1
| #define HAVE_SYS_IOCTL_H 1
| #define HAVE_SYS_SOCKET_H 1
| #define HAVE_SYS_TIME_H 1
| #define HAVE_SYSLOG_H 1
| #define HAVE_TERMIOS_H 1
| #define HAVE_UNISTD_H 1
| #define HAVE_UTMP_H 1
| #define HAVE_UTMPX_H 1
| /* end confdefs.h.  */
| #include <stddef.h>
| #ifdef HAVE_STDIO_H
| # include <stdio.h>
| #endif
| #ifdef HAVE_STDLIB_H
| # include <stdlib.h>
| #endif
| #ifdef HAVE_STRING_H
| # include <string.h>
| #endif
| #ifdef HAVE_INTTYPES_H
| # include <inttypes.h>
| #endif
| #ifdef HAVE_STDINT_H
| # include <stdint.h>
| #endif
| #ifdef HAVE_STRINGS_H
| # include <strings.h>
| #endif
| #ifdef HAVE_SYS_TYPES_H
| # include <sys/types.h>
| #endif
| #ifdef HAVE_SYS_STAT_H
| # include <sys/stat.h>
| #endif
| #ifdef HAVE_UNISTD_H
| # include <unistd.h>
| #endif
| 
| int
| main (void)
| {
| if (sizeof ((pid_t)))
| 	    return 0;
|   ;
|   return 0;
| }
configure:9266: result: yes
configure:9304: checking for size_t
configure:9304: gcc -c -g -O2  conftest.c >&5
configure:9304: $? = 0
configure:9304: gcc -c -g -O2  conftest.c >&5
conftest.c: In function 'main':
conftest.c:93:21: error: expected expression before ')' token
   93 | if (sizeof ((size_t)))
      |                     ^
configure:9304: $? = 1
configure: failed program was:
| /* confdefs.h */
| #define PACKAGE_NAME "mactelnet"
| #define PACKAGE_TARNAME "mactelnet"
| #define PACKAGE_VERSION "0.6.1"
| #define PACKAGE_STRING "mactelnet 0.6.1"
| #define PACKAGE_BUGREPORT "haakon.nessjoen@gmail.com"
| #define PACKAGE_URL ""
| #define PACKAGE "mactelnet"
| #define VERSION "0.6.1"
| #define HAVE_STDIO_H 1
| #define HAVE_STDLIB_H 1
| #define HAVE_STRING_H 1
| #define HAVE_INTTYPES_H 1
| #define HAVE_STDINT_H 1
| #define HAVE_STRINGS_H 1
| #define HAVE_SYS_STAT_H 1
| #define HAVE_SYS_TYPES_H 1
| #define HAVE_UNISTD_H 1
| #define HAVE_WCHAR_H 1
| #define STDC_HEADERS 1
| #define _ALL_SOURCE 1
| #define _DARWIN_C_SOURCE 1
| #define _GNU_SOURCE 1
| #define _HPUX_ALT_XOPEN_SOCKET_API 1
| #define _NETBSD_SOURCE 1
| #define _OPENBSD_SOURCE 1
| #define _POSIX_PTHREAD_SEMANTICS 1
| #define __STDC_WANT_IEC_60559_ATTRIBS_EXT__ 1
| #define __STDC_WANT_IEC_60559_BFP_EXT__ 1
| #define __STDC_WANT_IEC_60559_DFP_EXT__ 1
| #define __STDC_WANT_IEC_60559_EXT__ 1
| #define __STDC_WANT_IEC_60559_FUNCS_EXT__ 1
| #define __STDC_WANT_IEC_60559_TYPES_EXT__ 1
| #define __STDC_WANT_LIB_EXT2__ 1
| #define __STDC_WANT_MATH_SPEC_FUNCS__ 1
| #define _TANDEM_SOURCE 1
| #define __EXTENSIONS__ 1
| #define ENABLE_NLS 1
| #define HAVE_GETTEXT 1
| #define HAVE_DCGETTEXT 1
| #define HAVE_LIBRT 1
| #define HAVE_ARPA_INET_H 1
| #define HAVE_FCNTL_H 1
| #define HAVE_SYS_RANDOM_H 1
| #define HAVE_FLOAT_H 1
| #define HAVE_LIBINTL_H 1
| #define HAVE_LOCALE_H 1
| #define HAVE_LINUX_NETLINK_H 1
| #define HAVE_NETINET_IN_H 1
| #define HAVE_PATHS_H 1
| #define HAVE_STDLIB_H 1
| #define HAVE_STRING_H 1
| #define HAVE_SYS_IOCTL_H 1
| #define HAVE_SYS_SOCKET_H 1
| #define HAVE_SYS_TIME_H 1
| #define HAVE_SYSLOG_H 1
| #define HAVE_TERMIOS_H 1
| #define HAVE_UNISTD_H 1
| #define HAVE_UTMP_H 1
| #define HAVE_UTMPX_H 1
| /* end confdefs.h.  */
| #include <stddef.h>
| #ifdef HAVE_STDIO_H
| # include <stdio.h>
| #endif
| #ifdef HAVE_STDLIB_H
| # include <stdlib.h>
| #endif
| #ifdef HAVE_STRING_H
| # include <string.h>
| #endif
| #ifdef HAVE_INTTYPES_H
| # include <inttypes.h>
| #endif
| #ifdef HAVE_STDINT_H
| # include <stdint.h>
| #endif
| #ifdef HAVE_STRINGS_H
| # include <strings.h>
| #endif
| #ifdef HAVE_SYS_TYPES_H
| # include <sys/types.h>
| #endif
| #ifdef HAVE_SYS_STAT_H
| # include <sys/stat.h>
| #endif
| #ifdef HAVE_UNISTD_H
| # include <unistd.h>
| #endif
| int
| main (void)
| {
| if (sizeof ((size_t)))
| 	    return 0;
|   ;
|   return 0;
| }
configure:9304: result: yes
configure:9317: checking for uid_t
configure:9317: gcc -c -g -O2  conftest.c >&5
configure:9317: $? = 0
configure:9317: gcc -c -g -O2  conftest.c >&5
conftest.c: In function 'main':
conftest.c:93:20: error: expected expression before ')' token
   93 | if (sizeof ((uid_t)))
      |                    ^
configure:9317: $? = 1
configure: failed program was:
| /* confdefs.h */
| #define PACKAGE_NAME "mactelnet"
| #define PACKAGE_TARNAME "mactelnet"
| #define PACKAGE_VERSION "0.6.1"
| #define PACKAGE_STRING "mactelnet 0.6.1"
| #define PACKAGE_BUGREPORT "haakon.nessjoen@gmail.com"
| #define PACKAGE_URL ""
| #define PACKAGE "mactelnet"
| #define VERSION "0.6.1"
| #define HAVE_STDIO_H 1
| #define HAVE_STDLIB_H 1
| #define HAVE_STRING_H 1
| #define HAVE_INTTYPES_H 1
| #define HAVE_STDINT_H 1
| #define HAVE_STRINGS_H 1
| #define HAVE_SYS_STAT_H 1
| #define HAVE_SYS_TYPES_H 1
| #define HAVE_UNISTD_H 1
| #define HAVE_WCHAR_H 1
| #define STDC_HEADERS 1
| #define _ALL_SOURCE 1
| #define _DARWIN_C_SOURCE 1
| #define _GNU_SOURCE 1
| #define _HPUX_ALT_XOPEN_SOCKET_API 1
| #define _NETBSD_SOURCE 1
| #define _OPENBSD_SOURCE 1
| #define _POSIX_PTHREAD_SEMANTICS 1
| #define __STDC_WANT_IEC_60559_ATTRIBS_EXT__ 1
| #define __STDC_WANT_IEC_60559_BFP_EXT__ 1
| #define __STDC_WANT_IEC_60559_DFP_EXT__ 1
| #define __STDC_WANT_IEC_60559_EXT__ 1
| #define __STDC_WANT_IEC_60559_FUNCS_EXT__ 1
| #define __STDC_WANT_IEC_60559_TYPES_EXT__ 1
| #define __STDC_WANT_LIB_EXT2__ 1
| #define __STDC_WANT_MATH_SPEC_FUNCS__ 1
| #define _TANDEM_SOURCE 1
| #define __EXTENSIONS__ 1
| #define ENABLE_NLS 1
| #define HAVE_GETTEXT 1
| #define HAVE_DCGETTEXT 1
| #define HAVE_LIBRT 1
| #define HAVE_ARPA_INET_H 1
| #define HAVE_FCNTL_H 1
| #define HAVE_SYS_RANDOM_H 1
| #define HAVE_FLOAT_H 1
| #define HAVE_LIBINTL_H 1
| #define HAVE_LOCALE_H 1
| #define HAVE_LINUX_NETLINK_H 1
| #define HAVE_NETINET_IN_H 1
| #define HAVE_PATHS_H 1
| #define HAVE_STDLIB_H 1
| #define HAVE_STRING_H 1
| #define HAVE_SYS_IOCTL_H 1
| #define HAVE_SYS_SOCKET_H 1
| #define HAVE_SYS_TIME_H 1
| #define HAVE_SYSLOG_H 1
| #define HAVE_TERMIOS_H 1
| #define HAVE_UNISTD_H 1
| #define HAVE_UTMP_H 1
| #define HAVE_UTMPX_H 1
| /* end confdefs.h.  */
| #include <stddef.h>
| #ifdef HAVE_STDIO_H
| # include <stdio.h>
| #endif
| #ifdef HAVE_STDLIB_H
| # include <stdlib.h>
| #endif
| #ifdef HAVE_STRING_H
| # include <string.h>
| #endif
| #ifdef HAVE_INTTYPES_H
| # include <inttypes.h>
| #endif
| #ifdef HAVE_STDINT_H
| # include <stdint.h>
| #endif
| #ifdef HAVE_STRINGS_H
| # include <strings.h>
| #endif
| #ifdef HAVE_SYS_TYPES_H
| # include <sys/types.h>
| #endif
| #ifdef HAVE_SYS_STAT_H
| # include <sys/stat.h>
| #endif
| #ifdef HAVE_UNISTD_H
| # include <unistd.h>
| #endif
| int
| main (void)
| {
| if (sizeof ((uid_t)))
| 	    return 0;
|   ;
|   return 0;
| }
configure:9317: result: yes
configure:9328: checking for gid_t
configure:9328: gcc -c -g -O2  conftest.c >&5
configure:9328: $? = 0
configure:9328: gcc -c -g -O2  conftest.c >&5
conftest.c: In function 'main':
conftest.c:93:20: error: expected expression before ')' token
   93 | if (sizeof ((gid_t)))
      |                    ^
configure:9328: $? = 1
configure: failed program was:
| /* confdefs.h */
| #define PACKAGE_NAME "mactelnet"
| #define PACKAGE_TARNAME "mactelnet"
| #define PACKAGE_VERSION "0.6.1"
| #define PACKAGE_STRING "mactelnet 0.6.1"
| #define PACKAGE_BUGREPORT "haakon.nessjoen@gmail.com"
| #define PACKAGE_URL ""
| #define PACKAGE "mactelnet"
| #define VERSION "0.6.1"
| #define HAVE_STDIO_H 1
| #define HAVE_STDLIB_H 1
| #define HAVE_STRING_H 1
| #define HAVE_INTTYPES_H 1
| #define HAVE_STDINT_H 1
| #define HAVE_STRINGS_H 1
| #define HAVE_SYS_STAT_H 1
| #define HAVE_SYS_TYPES_H 1
| #define HAVE_UNISTD_H 1
| #define HAVE_WCHAR_H 1
| #define STDC_HEADERS 1
| #define _ALL_SOURCE 1
| #define _DARWIN_C_SOURCE 1
| #define _GNU_SOURCE 1
| #define _HPUX_ALT_XOPEN_SOCKET_API 1
| #define _NETBSD_SOURCE 1
| #define _OPENBSD_SOURCE 1
| #define _POSIX_PTHREAD_SEMANTICS 1
| #define __STDC_WANT_IEC_60559_ATTRIBS_EXT__ 1
| #define __STDC_WANT_IEC_60559_BFP_EXT__ 1
| #define __STDC_WANT_IEC_60559_DFP_EXT__ 1
| #define __STDC_WANT_IEC_60559_EXT__ 1
| #define __STDC_WANT_IEC_60559_FUNCS_EXT__ 1
| #define __STDC_WANT_IEC_60559_TYPES_EXT__ 1
| #define __STDC_WANT_LIB_EXT2__ 1
| #define __STDC_WANT_MATH_SPEC_FUNCS__ 1
| #define _TANDEM_SOURCE 1
| #define __EXTENSIONS__ 1
| #define ENABLE_NLS 1
| #define HAVE_GETTEXT 1
| #define HAVE_DCGETTEXT 1
| #define HAVE_LIBRT 1
| #define HAVE_ARPA_INET_H 1
| #define HAVE_FCNTL_H 1
| #define HAVE_SYS_RANDOM_H 1
| #define HAVE_FLOAT_H 1
| #define HAVE_LIBINTL_H 1
| #define HAVE_LOCALE_H 1
| #define HAVE_LINUX_NETLINK_H 1
| #define HAVE_NETINET_IN_H 1
| #define HAVE_PATHS_H 1
| #define HAVE_STDLIB_H 1
| #define HAVE_STRING_H 1
| #define HAVE_SYS_IOCTL_H 1
| #define HAVE_SYS_SOCKET_H 1
| #define HAVE_SYS_TIME_H 1
| #define HAVE_SYSLOG_H 1
| #define HAVE_TERMIOS_H 1
| #define HAVE_UNISTD_H 1
| #define HAVE_UTMP_H 1
| #define HAVE_UTMPX_H 1
| /* end confdefs.h.  */
| #include <stddef.h>
| #ifdef HAVE_STDIO_H
| # include <stdio.h>
| #endif
| #ifdef HAVE_STDLIB_H
| # include <stdlib.h>
| #endif
| #ifdef HAVE_STRING_H
| # include <string.h>
| #endif
| #ifdef HAVE_INTTYPES_H
| # include <inttypes.h>
| #endif
| #ifdef HAVE_STDINT_H
| # include <stdint.h>
| #endif
| #ifdef HAVE_STRINGS_H
| # include <strings.h>
| #endif
| #ifdef HAVE_SYS_TYPES_H
| # include <sys/types.h>
| #endif
| #ifdef HAVE_SYS_STAT_H
| # include <sys/stat.h>
| #endif
| #ifdef HAVE_UNISTD_H
| # include <unistd.h>
| #endif
| int
| main (void)
| {
| if (sizeof ((gid_t)))
| 	    return 0;
|   ;
|   return 0;
| }
configure:9328: result: yes
configure:9339: checking for working chown
configure:9379: gcc -o conftest -g -O2   conftest.c -lrt  >&5
configure:9379: $? = 0
configure:9379: ./conftest
configure:9379: $? = 0
configure:9395: result: yes
configure:9408: checking for fork
configure:9408: gcc -o conftest -g -O2   conftest.c -lrt  >&5
conftest.c:79:6: warning: conflicting types for built-in function 'fork'; expected 'int(void)' [-Wbuiltin-declaration-mismatch]
   79 | char fork (void);
      |      ^~~~
configure:9408: $? = 0
configure:9408: result: yes
configure:9408: checking for vfork
configure:9408: gcc -o conftest -g -O2   conftest.c -lrt  >&5
configure:9408: $? = 0
configure:9408: result: yes
configure:9421: checking for working fork
configure:9445: gcc -o conftest -g -O2   conftest.c -lrt  >&5
configure:9445: $? = 0
configure:9445: ./conftest
configure:9445: $? = 0
configure:9459: result: yes
configure:9480: checking for working vfork
configure:9612: result: yes
configure:9637: checking for GNU libc compatible malloc
configure:9669: gcc -o conftest -g -O2   conftest.c -lrt  >&5
configure:9669: $? = 0
configure:9669: ./conftest
configure:9669: $? = 0
configure:9683: result: yes
configure:9706: checking for working strnlen
configure:9746: gcc -o conftest -g -O2   conftest.c -lrt  >&5
configure:9746: $? = 0
configure:9746: ./conftest
configure:9746: $? = 0
configure:9760: result: yes
configure:9769: checking for getrandom
configure:9769: gcc -o conftest -g -O2   conftest.c -lrt  >&5
configure:9769: $? = 0
configure:9769: result: yes
configure:9775: checking for arc4random
configure:9775: gcc -o conftest -g -O2   conftest.c -lrt  >&5
configure:9775: $? = 0
configure:9775: result: yes
configure:9781: checking for alarm
configure:9781: gcc -o conftest -g -O2   conftest.c -lrt  >&5
configure:9781: $? = 0
configure:9781: result: yes
configure:9787: checking for bzero
configure:9787: gcc -o conftest -g -O2   conftest.c -lrt  >&5
conftest.c:87:6: warning: conflicting types for built-in function 'bzero'; expected 'void(void *, long unsigned int)' [-Wbuiltin-declaration-mismatch]
   87 | char bzero (void);
      |      ^~~~~
configure:9787: $? = 0
configure:9787: result: yes
configure:9793: checking for clock_gettime
configure:9793: gcc -o conftest -g -O2   conftest.c -lrt  >&5
configure:9793: $? = 0
configure:9793: result: yes
configure:9799: checking for getpass
configure:9799: gcc -o conftest -g -O2   conftest.c -lrt  >&5
configure:9799: $? = 0
configure:9799: result: yes
configure:9805: checking for gettimeofday
configure:9805: gcc -o conftest -g -O2   conftest.c -lrt  >&5
configure:9805: $? = 0
configure:9805: result: yes
configure:9811: checking for inet_ntoa
configure:9811: gcc -o conftest -g -O2   conftest.c -lrt  >&5
configure:9811: $? = 0
configure:9811: result: yes
configure:9817: checking for memset
configure:9817: gcc -o conftest -g -O2   conftest.c -lrt  >&5
conftest.c:92:6: warning: conflicting types for built-in function 'memset'; expected 'void *(void *, int,  long unsigned int)' [-Wbuiltin-declaration-mismatch]
   92 | char memset (void);
      |      ^~~~~~
conftest.c:84:1: note: 'memset' is declared in header '<string.h>'
   83 | #include <limits.h>
   84 | #undef memset
configure:9817: $? = 0
configure:9817: result: yes
configure:9823: checking for select
configure:9823: gcc -o conftest -g -O2   conftest.c -lrt  >&5
configure:9823: $? = 0
configure:9823: result: yes
configure:9829: checking for setenv
configure:9829: gcc -o conftest -g -O2   conftest.c -lrt  >&5
configure:9829: $? = 0
configure:9829: result: yes
configure:9835: checking for setlocale
configure:9835: gcc -o conftest -g -O2   conftest.c -lrt  >&5
configure:9835: $? = 0
configure:9835: result: yes
configure:9841: checking for socket
configure:9841: gcc -o conftest -g -O2   conftest.c -lrt  >&5
configure:9841: $? = 0
configure:9841: result: yes
configure:9847: checking for strcasecmp
configure:9847: gcc -o conftest -g -O2   conftest.c -lrt  >&5
conftest.c:97:6: warning: conflicting types for built-in function 'strcasecmp'; expected 'int(const char *, const char *)' [-Wbuiltin-declaration-mismatch]
   97 | char strcasecmp (void);
      |      ^~~~~~~~~~
configure:9847: $? = 0
configure:9847: result: yes
configure:9853: checking for strerror
configure:9853: gcc -o conftest -g -O2   conftest.c -lrt  >&5
configure:9853: $? = 0
configure:9853: result: yes
configure:9859: checking for strncasecmp
configure:9859: gcc -o conftest -g -O2   conftest.c -lrt  >&5
conftest.c:99:6: warning: conflicting types for built-in function 'strncasecmp'; expected 'int(const char *, const char *, long unsigned int)' [-Wbuiltin-declaration-mismatch]
   99 | char strncasecmp (void);
      |      ^~~~~~~~~~~
configure:9859: $? = 0
configure:9859: result: yes
configure:9865: checking for sysinfo
configure:9865: gcc -o conftest -g -O2   conftest.c -lrt  >&5
configure:9865: $? = 0
configure:9865: result: yes
configure:9871: checking for uname
configure:9871: gcc -o conftest -g -O2   conftest.c -lrt  >&5
configure:9871: $? = 0
configure:9871: result: yes
configure:9877: checking for updwtmp
configure:9877: gcc -o conftest -g -O2   conftest.c -lrt  >&5
configure:9877: $? = 0
configure:9877: result: yes
configure:9883: checking for updwtmpx
configure:9883: gcc -o conftest -g -O2   conftest.c -lrt  >&5
configure:9883: $? = 0
configure:9883: result: yes
configure:9994: checking that generated files are newer than configure
configure:10000: result: done
configure:10059: creating ./config.status

## ---------------------- ##
## Running config.status. ##
## ---------------------- ##

This file was extended by mactelnet config.status 0.6.1, which was
generated by GNU Autoconf 2.72.  Invocation command line was

  CONFIG_FILES    = 
  CONFIG_HEADERS  = 
  CONFIG_LINKS    = 
  CONFIG_COMMANDS = 
  $ ./config.status 

on litebox-mega

config.status:975: creating Makefile
config.status:975: creating src/Makefile
config.status:975: creating doc/Makefile
config.status:975: creating config/Makefile
config.status:975: creating po/Makefile.in
config.status:975: creating src/config.h
config.status:1204: executing depfiles commands
config.status:1281: cd src       && sed -e '/# am--include-marker/d' Makefile         | make -f - am--depfiles
config.status:1286: $? = 0
config.status:1204: executing po-directories commands

## ---------------- ##
## Cache variables. ##
## ---------------- ##

ac_cv_build=x86_64-pc-linux-gnu
ac_cv_c_compiler_gnu=yes
ac_cv_env_CC_set=
ac_cv_env_CC_value=
ac_cv_env_CFLAGS_set=
ac_cv_env_CFLAGS_value=
ac_cv_env_CPPFLAGS_set=
ac_cv_env_CPPFLAGS_value=
ac_cv_env_CPP_set=
ac_cv_env_CPP_value=
ac_cv_env_CRYPTO_CFLAGS_set=
ac_cv_env_CRYPTO_CFLAGS_value=
ac_cv_env_CRYPTO_LIBS_set=
ac_cv_env_CRYPTO_LIBS_value=
ac_cv_env_LDFLAGS_set=
ac_cv_env_LDFLAGS_value=
ac_cv_env_LIBS_set=
ac_cv_env_LIBS_value=
ac_cv_env_PKG_CONFIG_LIBDIR_set=
ac_cv_env_PKG_CONFIG_LIBDIR_value=
ac_cv_env_PKG_CONFIG_PATH_set=
ac_cv_env_PKG_CONFIG_PATH_value=
ac_cv_env_PKG_CONFIG_set=
ac_cv_env_PKG_CONFIG_value=
ac_cv_env_build_alias_set=
ac_cv_env_build_alias_value=
ac_cv_env_host_alias_set=
ac_cv_env_host_alias_value=
ac_cv_env_target_alias_set=
ac_cv_env_target_alias_value=
ac_cv_func_alarm=yes
ac_cv_func_arc4random=yes
ac_cv_func_bzero=yes
ac_cv_func_chown_works=yes
ac_cv_func_clock_gettime=yes
ac_cv_func_fork=yes
ac_cv_func_fork_works=yes
ac_cv_func_getpass=yes
ac_cv_func_getrandom=yes
ac_cv_func_gettimeofday=yes
ac_cv_func_inet_ntoa=yes
ac_cv_func_malloc_0_nonnull=yes
ac_cv_func_memset=yes
ac_cv_func_select=yes
ac_cv_func_setenv=yes
ac_cv_func_setlocale=yes
ac_cv_func_socket=yes
ac_cv_func_strcasecmp=yes
ac_cv_func_strerror=yes
ac_cv_func_strncasecmp=yes
ac_cv_func_strnlen_working=yes
ac_cv_func_sysinfo=yes
ac_cv_func_uname=yes
ac_cv_func_updwtmp=yes
ac_cv_func_updwtmpx=yes
ac_cv_func_vfork=yes
ac_cv_func_vfork_works=yes
ac_cv_header_CoreFoundation_CoreFoundation_h=no
ac_cv_header_SystemConfiguration_SystemConfiguration_h=no
ac_cv_header_arpa_inet_h=yes
ac_cv_header_bsd_readpassphrase_h=no
ac_cv_header_fcntl_h=yes
ac_cv_header_float_h=yes
ac_cv_header_inttypes_h=yes
ac_cv_header_libintl_h=yes
ac_cv_header_linux_netlink_h=yes
ac_cv_header_locale_h=yes
ac_cv_header_minix_config_h=no
ac_cv_header_netinet_in_h=yes
ac_cv_header_paths_h=yes
ac_cv_header_readpassphrase_h=no
ac_cv_header_stdint_h=yes
ac_cv_header_stdio_h=yes
ac_cv_header_stdlib_h=yes
ac_cv_header_string_h=yes
ac_cv_header_strings_h=yes
ac_cv_header_sys_ioctl_h=yes
ac_cv_header_sys_random_h=yes
ac_cv_header_sys_socket_h=yes
ac_cv_header_sys_stat_h=yes
ac_cv_header_sys_time_h=yes
ac_cv_header_sys_types_h=yes
ac_cv_header_syslog_h=yes
ac_cv_header_termios_h=yes
ac_cv_header_unistd_h=yes
ac_cv_header_utmp_h=yes
ac_cv_header_utmpx_h=yes
ac_cv_header_vfork_h=no
ac_cv_header_wchar_h=yes
ac_cv_host=x86_64-pc-linux-gnu
ac_cv_lib_rt_nanosleep=yes
ac_cv_objext=o
ac_cv_path_EGREP_TRADITIONAL='/usr/bin/grep -E'
ac_cv_path_GMSGFMT=/usr/bin/msgfmt
ac_cv_path_MSGFMT=/usr/bin/msgfmt
ac_cv_path_MSGMERGE=/usr/bin/msgmerge
ac_cv_path_SED=/usr/bin/sed
ac_cv_path_XGETTEXT=/usr/bin/xgettext
ac_cv_path_ac_pt_PKG_CONFIG=/usr/bin/pkg-config
ac_cv_path_install='/usr/bin/install -c'
ac_cv_path_mkdir=/usr/bin/mkdir
ac_cv_prog_AWK=mawk
ac_cv_prog_CPP='gcc -E'
ac_cv_prog_ac_ct_CC=gcc
ac_cv_prog_cc_c11=
ac_cv_prog_cc_g=yes
ac_cv_prog_cc_stdc=
ac_cv_prog_make_make_set=yes
ac_cv_safe_to_define___extensions__=yes
ac_cv_should_define__xopen_source=no
ac_cv_type_gid_t=yes
ac_cv_type_pid_t=yes
ac_cv_type_size_t=yes
ac_cv_type_uid_t=yes
acl_cv_hardcode_direct=no
acl_cv_hardcode_libdir_flag_spec='${wl}-rpath ${wl}$libdir'
acl_cv_hardcode_libdir_separator=
acl_cv_hardcode_minus_L=no
acl_cv_libext=a
acl_cv_libname_spec='lib$name'
acl_cv_library_names_spec='$libname$shrext'
acl_cv_path_LD=/usr/bin/ld
acl_cv_prog_gnu_ld=yes
acl_cv_rpath=done
acl_cv_shlibext=so
acl_cv_wl=-Wl,
am_cv_CC_dependencies_compiler_type=gcc3
am_cv_filesystem_timestamp_resolution=0.01
am_cv_make_support_nested_variables=yes
am_cv_prog_cc_c_o=yes
am_cv_sleep_fractional_seconds=yes
am_cv_xargs_n_works=yes
gt_cv_func_CFLocaleCopyCurrent=no
gt_cv_func_CFPreferencesCopyAppValue=no
gt_cv_func_gnugettext1_libc=yes
pkg_cv_CRYPTO_CFLAGS=
pkg_cv_CRYPTO_LIBS='-lcrypto '

## ----------------- ##
## Output variables. ##
## ----------------- ##

ACLOCAL='${SHELL} '\''/root/mactelnet/mactelnet-0.6.1/missing'\'' aclocal-1.17'
AMDEPBACKSLASH='\'
AMDEP_FALSE='#'
AMDEP_TRUE=''
AMTAR='$${TAR-tar}'
AM_BACKSLASH='\'
AM_DEFAULT_V='$(AM_DEFAULT_VERBOSITY)'
AM_DEFAULT_VERBOSITY='1'
AM_V='$(V)'
AUTOCONF='${SHELL} '\''/root/mactelnet/mactelnet-0.6.1/missing'\'' autoconf'
AUTOHEADER='${SHELL} '\''/root/mactelnet/mactelnet-0.6.1/missing'\'' autoheader'
AUTOMAKE='${SHELL} '\''/root/mactelnet/mactelnet-0.6.1/missing'\'' automake-1.17'
AWK='mawk'
BUILD_MACTELNETD_FALSE='#'
BUILD_MACTELNETD_TRUE=''
CC='gcc'
CCDEPMODE='depmode=gcc3'
CFLAGS='-g -O2'
COREFOUNDATION_LIBS=''
CPP='gcc -E'
CPPFLAGS=''
CRYPTO_CFLAGS=''
CRYPTO_LIBS='-lcrypto '
CSCOPE='cscope'
CTAGS='ctags'
CYGPATH_W='echo'
DEFS='-DHAVE_CONFIG_H'
DEPDIR='.deps'
ECHO_C=''
ECHO_N='-n'
ECHO_T=''
ETAGS='etags'
EXEEXT=''
GETTEXT_MACRO_VERSION='0.19'
GMSGFMT='/usr/bin/msgfmt'
GMSGFMT_015='/usr/bin/msgfmt'
HAVE_COREFOUNDATION_FALSE=''
HAVE_COREFOUNDATION_TRUE='#'
HAVE_LIBINTL_FALSE=''
HAVE_LIBINTL_TRUE='#'
HAVE_SYSTEMCONFIGURATION_FALSE=''
HAVE_SYSTEMCONFIGURATION_TRUE='#'
INSTALL_CONFIG_FALSE='#'
INSTALL_CONFIG_TRUE=''
INSTALL_DATA='${INSTALL} -m 644'
INSTALL_PROGRAM='${INSTALL}'
INSTALL_SCRIPT='${INSTALL}'
INSTALL_STRIP_PROGRAM='$(install_sh) -c -s'
INTLLIBS=''
INTL_MACOSX_LIBS=''
LDFLAGS=''
LIBICONV='-liconv'
LIBINTL=''
LIBOBJS=''
LIBS='-lrt '
LTLIBICONV='-liconv'
LTLIBINTL=''
LTLIBOBJS=''
MAKEINFO='${SHELL} '\''/root/mactelnet/mactelnet-0.6.1/missing'\'' makeinfo'
MKDIR_P='/usr/bin/mkdir -p'
MSGFMT='/usr/bin/msgfmt'
MSGFMT_015='/usr/bin/msgfmt'
MSGMERGE='/usr/bin/msgmerge'
OBJEXT='o'
PACKAGE='mactelnet'
PACKAGE_BUGREPORT='haakon.nessjoen@gmail.com'
PACKAGE_NAME='mactelnet'
PACKAGE_STRING='mactelnet 0.6.1'
PACKAGE_TARNAME='mactelnet'
PACKAGE_URL=''
PACKAGE_VERSION='0.6.1'
PATH_SEPARATOR=':'
PKG_CONFIG='/usr/bin/pkg-config'
PKG_CONFIG_LIBDIR=''
PKG_CONFIG_PATH=''
POSUB='po'
PTHREAD_LIBS=''
SED='/usr/bin/sed'
SET_MAKE=''
SHELL='/bin/bash'
STRIP=''
SYSTEMCONFIGURATION_LIBS=''
USE_NLS='yes'
VERSION='0.6.1'
XGETTEXT='/usr/bin/xgettext'
XGETTEXT_015='/usr/bin/xgettext'
XGETTEXT_EXTRA_OPTIONS=''
ac_ct_CC='gcc'
am__EXEEXT_FALSE=''
am__EXEEXT_TRUE='#'
am__fastdepCC_FALSE='#'
am__fastdepCC_TRUE=''
am__include='include'
am__isrc=''
am__leading_dot='.'
am__nodep='_no'
am__quote=''
am__rm_f_notfound=''
am__tar='$${TAR-tar} chof - "$$tardir"'
am__untar='$${TAR-tar} xf -'
am__xargs_n='xargs -n'
bindir='${exec_prefix}/bin'
build='x86_64-pc-linux-gnu'
build_alias=''
build_cpu='x86_64'
build_os='linux-gnu'
build_vendor='pc'
datadir='${datarootdir}'
datarootdir='${prefix}/share'
docdir='${datarootdir}/doc/${PACKAGE_TARNAME}'
dvidir='${docdir}'
exec_prefix='${prefix}'
host='x86_64-pc-linux-gnu'
host_alias=''
host_cpu='x86_64'
host_os='linux-gnu'
host_vendor='pc'
htmldir='${docdir}'
includedir='${prefix}/include'
infodir='${datarootdir}/info'
install_sh='${SHELL} /root/mactelnet/mactelnet-0.6.1/install-sh'
libdir='${exec_prefix}/lib'
libexecdir='${exec_prefix}/libexec'
localedir='${datarootdir}/locale'
localstatedir='${prefix}/var'
mandir='${datarootdir}/man'
mkdir_p='$(MKDIR_P)'
oldincludedir='/usr/include'
pdfdir='${docdir}'
prefix='/usr/local'
program_transform_name='s,x,x,'
psdir='${docdir}'
runstatedir='${localstatedir}/run'
sbindir='${exec_prefix}/sbin'
sharedstatedir='${prefix}/com'
sysconfdir='${prefix}/etc'
target_alias=''

## ----------- ##
## confdefs.h. ##
## ----------- ##

/* confdefs.h */
#define PACKAGE_NAME "mactelnet"
#define PACKAGE_TARNAME "mactelnet"
#define PACKAGE_VERSION "0.6.1"
#define PACKAGE_STRING "mactelnet 0.6.1"
#define PACKAGE_BUGREPORT "haakon.nessjoen@gmail.com"
#define PACKAGE_URL ""
#define PACKAGE "mactelnet"
#define VERSION "0.6.1"
#define HAVE_STDIO_H 1
#define HAVE_STDLIB_H 1
#define HAVE_STRING_H 1
#define HAVE_INTTYPES_H 1
#define HAVE_STDINT_H 1
#define HAVE_STRINGS_H 1
#define HAVE_SYS_STAT_H 1
#define HAVE_SYS_TYPES_H 1
#define HAVE_UNISTD_H 1
#define HAVE_WCHAR_H 1
#define STDC_HEADERS 1
#define _ALL_SOURCE 1
#define _DARWIN_C_SOURCE 1
#define _GNU_SOURCE 1
#define _HPUX_ALT_XOPEN_SOCKET_API 1
#define _NETBSD_SOURCE 1
#define _OPENBSD_SOURCE 1
#define _POSIX_PTHREAD_SEMANTICS 1
#define __STDC_WANT_IEC_60559_ATTRIBS_EXT__ 1
#define __STDC_WANT_IEC_60559_BFP_EXT__ 1
#define __STDC_WANT_IEC_60559_DFP_EXT__ 1
#define __STDC_WANT_IEC_60559_EXT__ 1
#define __STDC_WANT_IEC_60559_FUNCS_EXT__ 1
#define __STDC_WANT_IEC_60559_TYPES_EXT__ 1
#define __STDC_WANT_LIB_EXT2__ 1
#define __STDC_WANT_MATH_SPEC_FUNCS__ 1
#define _TANDEM_SOURCE 1
#define __EXTENSIONS__ 1
#define ENABLE_NLS 1
#define HAVE_GETTEXT 1
#define HAVE_DCGETTEXT 1
#define HAVE_LIBRT 1
#define HAVE_ARPA_INET_H 1
#define HAVE_FCNTL_H 1
#define HAVE_SYS_RANDOM_H 1
#define HAVE_FLOAT_H 1
#define HAVE_LIBINTL_H 1
#define HAVE_LOCALE_H 1
#define HAVE_LINUX_NETLINK_H 1
#define HAVE_NETINET_IN_H 1
#define HAVE_PATHS_H 1
#define HAVE_STDLIB_H 1
#define HAVE_STRING_H 1
#define HAVE_SYS_IOCTL_H 1
#define HAVE_SYS_SOCKET_H 1
#define HAVE_SYS_TIME_H 1
#define HAVE_SYSLOG_H 1
#define HAVE_TERMIOS_H 1
#define HAVE_UNISTD_H 1
#define HAVE_UTMP_H 1
#define HAVE_UTMPX_H 1
#define HAVE_CHOWN 1
#define HAVE_FORK 1
#define HAVE_VFORK 1
#define HAVE_WORKING_VFORK 1
#define HAVE_WORKING_FORK 1
#define HAVE_MALLOC 1
#define HAVE_GETRANDOM 1
#define HAVE_ARC4RANDOM 1
#define HAVE_ALARM 1
#define HAVE_BZERO 1
#define HAVE_CLOCK_GETTIME 1
#define HAVE_GETPASS 1
#define HAVE_GETTIMEOFDAY 1
#define HAVE_INET_NTOA 1
#define HAVE_MEMSET 1
#define HAVE_SELECT 1
#define HAVE_SETENV 1
#define HAVE_SETLOCALE 1
#define HAVE_SOCKET 1
#define HAVE_STRCASECMP 1
#define HAVE_STRERROR 1
#define HAVE_STRNCASECMP 1
#define HAVE_SYSINFO 1
#define HAVE_UNAME 1
#define HAVE_UPDWTMP 1
#define HAVE_UPDWTMPX 1

configure: exit 0

## ---------------------- ##
## Running config.status. ##
## ---------------------- ##

This file was extended by mactelnet config.status 0.6.1, which was
generated by GNU Autoconf 2.72.  Invocation command line was

  CONFIG_FILES    = 
  CONFIG_HEADERS  = 
  CONFIG_LINKS    = 
  CONFIG_COMMANDS = 
  $ ./config.status src/config.h

on litebox-mega

config.status:975: creating src/config.h
config.status:1156: src/config.h is unchanged
